2025-11-27 04:54:28,954 [INFO] Downloaded image to data/images/adec6be81ee96416c153c3a4c1452183f9a9e3f4.jpg
2025-11-27 04:54:28,974 [INFO] Downloaded image to data/images/7e7f7748fdcb02815ab5c38bffa4e247f9b707fa.jpg
2025-11-27 04:54:29,040 [ERROR] Failed to download image from https://www.bailiwickexpress.com/files/cache/88ec9331c05013c55b49024a551341ac_f587432.jpg: Invalid content type: text/html; charset=utf-8 for https://www.bailiwickexpress.com/files/cache/88ec9331c05013c55b49024a551341ac_f587432.jpg
2025-11-27 04:54:29,040 [INFO] Downloaded image to data/images/dc23dfdf0b61a93073aae5b8901912864a1d1a93.jpg
2025-11-27 04:54:29,047 [INFO] Downloaded image to data/images/c402af946acfd946b1810390d07d216e8cd3a8f1.jpg
2025-11-27 04:54:29,067 [INFO] Downloaded image to data/images/1467eeaa1994341758d09a9a67c5a3b5cd053212.jpg
2025-11-27 04:54:29,093 [INFO] Downloaded image to data/images/f6e7efbe99466ce368988589509b8cc132c4fe6c.jpg
2025-11-27 04:54:29,102 [INFO] Downloaded image to data/images/18e671f73a004c31f7bb0161d1e444352baf2b94.jpg
2025-11-27 04:54:29,112 [ERROR] Failed to download image from http://2.bp.blogspot.com/-cZpqM2kr2uc/U6v-pnIxM9I/AAAAAAAAaek/OFq7OBbqkv4/s1600/photo-of-a-deer-with-a-wildfire-in-the-background-hd-deer-wallpapers.jpg: HTTP status 404 for http://2.bp.blogspot.com/-cZpqM2kr2uc/U6v-pnIxM9I/AAAAAAAAaek/OFq7OBbqkv4/s1600/photo-of-a-deer-with-a-wildfire-in-the-background-hd-deer-wallpapers.jpg
2025-11-27 04:54:29,145 [ERROR] Failed to download image from http://globe-views.com/dcim/dreams/court/court-04.jpg: HTTP status 441 for http://globe-views.com/dcim/dreams/court/court-04.jpg
2025-11-27 04:54:29,208 [ERROR] Failed to download image from http://www.golfeurope.com/photo-galleries/images/preview/39779.jpg: HTTP status 404 for http://www.golfeurope.com/photo-galleries/images/preview/39779.jpg
2025-11-27 04:54:29,211 [INFO] Downloaded image to data/images/ffd9d3d097f5897477b9bbcaa949fd60cc972283.jpg
2025-11-27 04:54:29,219 [ERROR] Failed to download image from http://78.media.tumblr.com/3b133294bdc7c7784b781b45eb9af7be/tumblr_nbirmjpEme1tkk0fco1_500.jpg: HTTP status 403 for http://78.media.tumblr.com/3b133294bdc7c7784b781b45eb9af7be/tumblr_nbirmjpEme1tkk0fco1_500.jpg
2025-11-27 04:54:29,228 [INFO] Downloaded image to data/images/42b7cf7c4e98e58cce3623870b920ec19d5efc9a.jpg
2025-11-27 04:54:29,236 [INFO] Downloaded image to data/images/154256c0aa8ab0d71698b7892835ab859211a9e7.jpg
2025-11-27 04:54:29,245 [INFO] Downloaded image to data/images/2c9f7c69f637acf83b615b1857fe6f8c2b066898.jpg
2025-11-27 04:54:29,266 [INFO] Downloaded image to data/images/c5a6c46d882961210f909ab1322dea389a0838a7.jpg
2025-11-27 04:54:29,305 [INFO] Downloaded image to data/images/9bbc8b02dc3a683667413515613b3aaca0ff22eb.jpg
2025-11-27 04:54:29,306 [ERROR] Failed to download image from http://homeklondike.org/wp-content/uploads/2015/06/2-Bright-living-room-in-the-attic1.jpg: Invalid content type: text/html for http://homeklondike.org/wp-content/uploads/2015/06/2-Bright-living-room-in-the-attic1.jpg
2025-11-27 04:54:29,307 [INFO] Downloaded image to data/images/388f601a09b42af852b56a30469586e2c7b2d35e.jpg
2025-11-27 04:54:29,311 [INFO] Downloaded image to data/images/7b389af0b2147f903d0f0240534ffee99c41afa9.jpg
2025-11-27 04:54:29,357 [INFO] Downloaded image to data/images/8653022f81d5a45cb45bf085905e5cba83b98575.jpg
2025-11-27 04:54:29,364 [ERROR] Failed to download image from https://timedotcom.files.wordpress.com/2014/02/dv1633968.jpg: HTTP status 410 for https://timedotcom.wordpress.com/wp-content/uploads/2014/02/dv1633968.jpg
2025-11-27 04:54:29,365 [ERROR] Failed to download image from http://images.slideplayer.com/2/765769/slides/slide_46.jpg: Invalid content type: text/html for https://pp.one/
2025-11-27 04:54:29,385 [ERROR] Failed to download image from http://www.robinhoodshow.com/clients/17668/8642054_org.jpg: Invalid content type: text/html for http://www.robinhoodshow.com/clients/17668/8642054_org.jpg
2025-11-27 04:54:29,412 [INFO] Downloaded image to data/images/70cd7b5ca2ac2e681bde249701d2e218f7975750.jpg
2025-11-27 04:54:29,511 [INFO] Downloaded image to data/images/daa9f8e90190b910ca3b77a2c8de890b5ae0a867.jpg
2025-11-27 04:54:29,843 [ERROR] Failed to download image from https://thumb1.shutterstock.com/display_pic_with_logo/1448648/675197230/stock-vector-illustration-of-a-long-shadow-australia-map-its-flag-and-a-comic-balloon-with-a-soccer-ball-in-a-675197230.jpg: HTTP status 404 for https://thumb1.shutterstock.com/image-photo/stock-vector-illustration-of-a-long-shadow-australia-map-its-flag-and-a-comic-balloon-with-a-soccer-ball-in-a-450w-675197230.jpg
2025-11-27 04:54:29,947 [INFO] Downloaded image to data/images/4f3419e136a953b7a9deb5e4c0a6e98c4f83c5e7.jpg
2025-11-27 04:54:30,058 [ERROR] Failed to download image from https://www.swissinfo.ch/image/40654192/3x2/1024/682/a312f173f207c67824ea7fcf8079012a/gA/tabakinschweiz-15-jpg.jpg: HTTP status 404 for https://www.swissinfo.ch/eng/image/40654192/3x2/1024/682/a312f173f207c67824ea7fcf8079012a/gA/tabakinschweiz-15-jpg.jpg
2025-11-27 04:54:30,063 [INFO] Successfully downloaded 19/30 images
